<?xml version="1.0" encoding="UTF-8"?>
<!-- Generated by org.testng.reporters.JUnitReportReporter -->
<testsuite hostname="MAYANK" failures="0" tests="3" name="com.mmp.base.DriverScript" time="5.679" errors="0" timestamp="27 Apr 2022 02:13:53 GMT" skipped="0">
  <testcase classname="com.mmp.base.DriverScript" name="initApplication" time="4.989"/>
  <testcase classname="com.mmp.base.DriverScript" name="launchURL" time="0.074"/>
  <testcase classname="com.mmp.base.DriverScript" name="quitDriver" time="0.616"/>
</testsuite> <!-- com.mmp.base.DriverScript -->
