<?xml version="1.0" encoding="UTF-8"?>
<!-- Generated by org.testng.reporters.JUnitReportReporter -->
<testsuite hostname="MAYANK" failures="0" tests="1" name="com.mmp.tests.ScheduleAppointment" time="80.045" errors="0" timestamp="01 May 2022 01:20:19 GMT" skipped="0">
  <testcase classname="com.mmp.tests.ScheduleAppointment" name="testScheduleAppointment" time="80.045"/>
</testsuite> <!-- com.mmp.tests.ScheduleAppointment -->
