<?xml version="1.0" encoding="UTF-8"?>
<!-- Generated by org.testng.reporters.JUnitReportReporter -->
<testsuite hostname="MAYANK" failures="0" tests="1" name="com.mmp.tests.MessagesTest" time="23.069" errors="0" timestamp="04 May 2022 01:38:15 GMT" skipped="0">
  <testcase classname="com.mmp.tests.MessagesTest" name="messagestest" time="23.069"/>
</testsuite> <!-- com.mmp.tests.MessagesTest -->
