<?xml version="1.0" encoding="UTF-8"?>
<!-- Generated by org.testng.reporters.JUnitReportReporter -->
<testsuite hostname="MAYANK" failures="0" tests="1" name="com.mmp.tests.ScheduleAppointment" time="54.678" errors="0" timestamp="29 Apr 2022 13:10:10 GMT" skipped="0">
  <testcase classname="com.mmp.tests.ScheduleAppointment" name="testScheduleAppointment" time="54.678"/>
</testsuite> <!-- com.mmp.tests.ScheduleAppointment -->
