<?xml version="1.0" encoding="UTF-8"?>
<!-- Generated by org.testng.reporters.JUnitReportReporter -->
<testsuite hostname="MAYANK" failures="0" tests="1" name="com.mmp.tests.MessagesTest" time="38.014" errors="0" timestamp="04 May 2022 05:38:46 GMT" skipped="0">
  <testcase classname="com.mmp.tests.MessagesTest" name="messagestest" time="38.014"/>
</testsuite> <!-- com.mmp.tests.MessagesTest -->
