<?xml version="1.0" encoding="UTF-8"?>
<!-- Generated by org.testng.reporters.JUnitReportReporter -->
<testsuite hostname="MAYANK" failures="0" tests="1" name="com.mmp.tests.ScheduleAppointment" time="79.643" errors="0" timestamp="04 May 2022 05:13:03 GMT" skipped="0">
  <testcase classname="com.mmp.tests.ScheduleAppointment" name="testScheduleAppointment" time="79.643"/>
</testsuite> <!-- com.mmp.tests.ScheduleAppointment -->
