<?xml version="1.0" encoding="UTF-8"?>
<!-- Generated by org.testng.reporters.JUnitReportReporter -->
<testsuite hostname="MAYANK" failures="0" tests="1" name="com.mmp.tests.ScheduleAppointment" time="85.301" errors="0" timestamp="03 May 2022 02:00:06 GMT" skipped="0">
  <testcase classname="com.mmp.tests.ScheduleAppointment" name="testScheduleAppointment" time="85.301"/>
</testsuite> <!-- com.mmp.tests.ScheduleAppointment -->
