<?xml version="1.0" encoding="UTF-8"?>
<!-- Generated by org.testng.reporters.JUnitReportReporter -->
<testsuite hostname="MAYANK" failures="0" tests="2" name="com.mmp.tests.LoginTests" time="31.959" errors="0" timestamp="27 Apr 2022 05:23:17 GMT" skipped="0">
  <testcase classname="com.mmp.tests.LoginTests" name="testLogin" time="21.874"/>
  <testcase classname="com.mmp.tests.LoginTests" name="testValidatePasswordLink" time="10.085"/>
</testsuite> <!-- com.mmp.tests.LoginTests -->
